\BOOKMARK [0][]{chapter.1}{\376\377\000I\000n\000t\000r\000o\000d\000u\000c\000t\000i\000o\000n}{}% 1
\BOOKMARK [1][]{section.1.1}{\376\377\000E\000x\000p\000l\000a\000n\000a\000t\000i\000o\000n\000\040\000o\000f\000\040\000t\000h\000e\000\040\000p\000r\000o\000b\000l\000e\000m}{chapter.1}% 2
\BOOKMARK [1][]{section.1.2}{\376\377\000M\000o\000t\000i\000v\000a\000t\000i\000o\000n}{chapter.1}% 3
\BOOKMARK [1][]{section.1.3}{\376\377\000O\000b\000j\000e\000c\000t\000i\000v\000e}{chapter.1}% 4
\BOOKMARK [1][]{section.1.4}{\376\377\000S\000t\000r\000u\000c\000t\000u\000r\000e\000\040\000o\000f\000\040\000t\000h\000e\000\040\000t\000h\000e\000s\000i\000s}{chapter.1}% 5
\BOOKMARK [0][]{chapter.2}{\376\377\000S\000t\000a\000t\000e\000\040\000o\000f\000\040\000t\000h\000e\000\040\000a\000r\000t}{}% 6
\BOOKMARK [1][]{section.2.1}{\376\377\000C\000i\000t\000a\000t\000i\000o\000n}{chapter.2}% 7
\BOOKMARK [2][]{subsection.2.1.1}{\376\377\000L\000i\000t\000e\000r\000a\000l\000\040\000q\000u\000o\000t\000a\000t\000i\000o\000n\000s}{section.2.1}% 8
\BOOKMARK [0][]{chapter.3}{\376\377\000M\000e\000t\000h\000o\000d\000s}{}% 9
\BOOKMARK [1][]{section.3.1}{\376\377\000F\000o\000r\000m\000u\000l\000a\000s}{chapter.3}% 10
\BOOKMARK [1][]{section.3.2}{\376\377\000F\000i\000g\000u\000r\000e\000s}{chapter.3}% 11
\BOOKMARK [1][]{section.3.3}{\376\377\000A\000l\000g\000o\000r\000i\000t\000h\000m\000s\000\040\000a\000n\000d\000\040\000P\000s\000e\000u\000d\000o\000c\000o\000d\000e}{chapter.3}% 12
\BOOKMARK [1][]{section.3.4}{\376\377\000T\000a\000b\000l\000e\000s}{chapter.3}% 13
\BOOKMARK [0][]{chapter.4}{\376\377\000D\000e\000s\000i\000g\000n}{}% 14
\BOOKMARK [1][]{section.4.1}{\376\377\000D\000e\000s\000i\000g\000n\000\040\000d\000e\000t\000a\000i\000l\000s}{chapter.4}% 15
\BOOKMARK [0][]{chapter.5}{\376\377\000I\000m\000p\000l\000e\000m\000e\000n\000t\000a\000t\000i\000o\000n}{}% 16
\BOOKMARK [1][]{section.5.1}{\376\377\000S\000o\000f\000t\000w\000a\000r\000e\000\040\000B\000i\000l\000l\000\040\000o\000f\000\040\000M\000a\000t\000e\000r\000i\000a\000l}{chapter.5}% 17
\BOOKMARK [1][]{section.5.2}{\376\377\000T\000h\000e\000\040\000c\000h\000o\000i\000c\000e\000\040\000o\000f\000\040\000p\000r\000o\000g\000r\000a\000m\000m\000i\000n\000g\000\040\000l\000a\000n\000g\000u\000a\000g\000e}{chapter.5}% 18
\BOOKMARK [1][]{section.5.3}{\376\377\000S\000p\000e\000c\000i\000f\000i\000c\000\040\000i\000m\000p\000l\000e\000m\000e\000n\000t\000a\000t\000i\000o\000n\000\040\000d\000e\000t\000a\000i\000l\000s}{chapter.5}% 19
\BOOKMARK [0][]{chapter.6}{\376\377\000E\000v\000a\000l\000u\000a\000t\000i\000o\000n}{}% 20
\BOOKMARK [0][]{chapter.7}{\376\377\000S\000u\000m\000m\000a\000r\000y\000\040\000a\000n\000d\000\040\000O\000u\000t\000l\000o\000o\000k}{}% 21
\BOOKMARK [0][]{appendix.A}{\376\377\000D\000i\000a\000g\000r\000a\000m\000s\000\040\000a\000n\000d\000\040\000T\000a\000b\000l\000e\000s}{}% 22
\BOOKMARK [0][]{appendix.B}{\376\377\000U\000M\000L\000\040\000d\000i\000a\000g\000r\000a\000m\000s}{}% 23
\BOOKMARK [0][]{appendix.B}{\376\377\000B\000i\000b\000l\000i\000o\000g\000r\000a\000p\000h\000y}{}% 24
\BOOKMARK [0][]{appendix*.8}{\376\377\000D\000e\000c\000l\000a\000r\000a\000t\000i\000o\000n\000\040\000o\000f\000\040\000I\000n\000d\000e\000p\000e\000n\000d\000e\000n\000c\000e}{}% 25
